Provided cores: 1
Rules claiming more threads will be scaled down.
Job counts:
	count	jobs
	1	all
	1	detect_includedGenes
	2

rule detect_includedGenes:
    input: 18Anopheles_dataset/data/GFF_to_GENE_files/filtered_GENE
    output: 18Anopheles_dataset/data/GFF_to_GENE_files/with_filter
    log: 18Anopheles_dataset/logs/GFF_to_GENE_files/detect_includedGenes.log
    jobid: 4

Error in rule detect_includedGenes:
    jobid: 4
    output: 18Anopheles_dataset/data/GFF_to_GENE_files/with_filter
    log: 18Anopheles_dataset/logs/GFF_to_GENE_files/detect_includedGenes.log

RuleException:
CalledProcessError in line 72 of /home/yanselmetti/Bureau/DeCoSTAR_pipeline/preprocessing.snakefile:
Command ' set -euo pipefail;  bin/scripts/pipeline_input_decostar/detect_includedGenes.py 18Anopheles_dataset/data/GFF_to_GENE_files/filtered_GENE 18Anopheles_dataset/data/GFF_to_GENE_files/with_filter ' returned non-zero exit status 1.
  File "/home/yanselmetti/Bureau/DeCoSTAR_pipeline/preprocessing.snakefile", line 72, in __rule_detect_includedGenes
  File "/usr/local/lib/python3.6/concurrent/futures/thread.py", line 56, in run
Removing output files of failed job detect_includedGenes since they might be corrupted:
18Anopheles_dataset/data/GFF_to_GENE_files/with_filter
Skipped removing non-empty directory 18Anopheles_dataset/data/GFF_to_GENE_files/with_filter
Will exit after finishing currently running jobs.
Exiting because a job execution failed. Look above for error message
Complete log: .snakemake/log/2017-10-18T100421.837447.snakemake.log
