Provided cores: 1
Rules claiming more threads will be scaled down.
Job counts:
	count	jobs
	1	all
	1	filter_GENE_with_families
	1	from_GFF_to_GENE
	1	sort_GENE
	1	sort_GFF
	5

rule sort_GFF:
    input: 18Anopheles_dataset/data/INPUT_DATA/GFF
    output: 18Anopheles_dataset/data/GFF_to_GENE_files/sorted_GFF
    log: 18Anopheles_dataset/logs/GFF_to_GENE_files/sort_GFF.log
    jobid: 4

Finished job 4.
1 of 5 steps (20%) done

rule from_GFF_to_GENE:
    input: 18Anopheles_dataset/data/GFF_to_GENE_files/sorted_GFF
    output: 18Anopheles_dataset/data/GFF_to_GENE_files/GENE, 18Anopheles_dataset/data/GFF_to_GENE_files/GRAPH_GFF
    log: 18Anopheles_dataset/logs/GFF_to_GENE_files/from_GFF_to_GENE.log
    jobid: 3

Finished job 3.
2 of 5 steps (40%) done

rule sort_GENE:
    input: 18Anopheles_dataset/data/GFF_to_GENE_files/GENE
    output: 18Anopheles_dataset/data/GFF_to_GENE_files/sorted_GENE
    log: 18Anopheles_dataset/logs/GFF_to_GENE_files/sort_GENE.log
    jobid: 2

Error in rule sort_GENE:
    jobid: 2
    output: 18Anopheles_dataset/data/GFF_to_GENE_files/sorted_GENE
    log: 18Anopheles_dataset/logs/GFF_to_GENE_files/sort_GENE.log

RuleException:
CalledProcessError in line 44 of /home/yanselmetti/Bureau/DeCoSTAR_pipeline/preprocessing.snakefile:
Command ' set -euo pipefail;  18Anopheles_dataset/bin/scripts/pipeline_input_decostar/sort_GENE.sh 18Anopheles_dataset/data/GFF_to_GENE_files/GENE 18Anopheles_dataset/data/GFF_to_GENE_files/sorted_GENE ' returned non-zero exit status 2.
  File "/home/yanselmetti/Bureau/DeCoSTAR_pipeline/preprocessing.snakefile", line 44, in __rule_sort_GENE
  File "/usr/local/lib/python3.6/concurrent/futures/thread.py", line 56, in run
Removing output files of failed job sort_GENE since they might be corrupted:
18Anopheles_dataset/data/GFF_to_GENE_files/sorted_GENE
Skipped removing non-empty directory 18Anopheles_dataset/data/GFF_to_GENE_files/sorted_GENE
Will exit after finishing currently running jobs.
Exiting because a job execution failed. Look above for error message
Complete log: .snakemake/log/2017-10-18T085744.803916.snakemake.log
