Provided cores: 1
Rules claiming more threads will be scaled down.
Job counts:
	count	jobs
	1	all
	1	filter_GENE_with_families
	1	sort_GENE
	3

rule sort_GENE:
    input: 18Anopheles_dataset/data/GFF_to_GENE_files/GENE
    output: 18Anopheles_dataset/data/GFF_to_GENE_files/sorted_GENE
    log: 18Anopheles_dataset/logs/GFF_to_GENE_files/sort_GENE.log
    jobid: 2

Error in rule sort_GENE:
    jobid: 2
    output: 18Anopheles_dataset/data/GFF_to_GENE_files/sorted_GENE
    log: 18Anopheles_dataset/logs/GFF_to_GENE_files/sort_GENE.log

RuleException:
CalledProcessError in line 44 of /home/yanselmetti/Bureau/DeCoSTAR_pipeline/preprocessing.snakefile:
Command ' set -euo pipefail;  bin/scripts/pipeline_input_decostar/sort_GENE.sh 18Anopheles_dataset/data/GFF_to_GENE_files/GENE 18Anopheles_dataset/data/GFF_to_GENE_files/sorted_GENE ' returned non-zero exit status 2.
  File "/home/yanselmetti/Bureau/DeCoSTAR_pipeline/preprocessing.snakefile", line 44, in __rule_sort_GENE
  File "/usr/local/lib/python3.6/concurrent/futures/thread.py", line 56, in run
Removing output files of failed job sort_GENE since they might be corrupted:
18Anopheles_dataset/data/GFF_to_GENE_files/sorted_GENE
Skipped removing non-empty directory 18Anopheles_dataset/data/GFF_to_GENE_files/sorted_GENE
Will exit after finishing currently running jobs.
Exiting because a job execution failed. Look above for error message
Complete log: .snakemake/log/2017-10-18T092131.730709.snakemake.log
